{"/home/leul/Documents/github/portifolioXLeul/src/App.tsx": {"path":"/home/leul/Documents/github/portifolioXLeul/src/App.tsx","statementMap":{"0":{"start":{"line":9,"column":2},"end":{"line":18,"column":null}}},"fnMap":{"0":{"name":"App","decl":{"start":{"line":8,"column":9},"end":{"line":8,"column":15}},"loc":{"start":{"line":8,"column":15},"end":{"line":20,"column":null}},"line":8}},"branchMap":{},"s":{"0":3},"f":{"0":3},"b":{},"meta":{"lastBranch":0,"lastFunction":1,"lastStatement":1,"seen":{"f:8:9:8:15":0,"s:9:2:18:Infinity":0}}}
,"/home/leul/Documents/github/portifolioXLeul/src/components/CustomLink.tsx": {"path":"/home/leul/Documents/github/portifolioXLeul/src/components/CustomLink.tsx","statementMap":{"0":{"start":{"line":11,"column":53},"end":{"line":32,"column":null}},"1":{"start":{"line":12,"column":8},"end":{"line":12,"column":null}},"2":{"start":{"line":13,"column":8},"end":{"line":13,"column":null}},"3":{"start":{"line":14,"column":19},"end":{"line":14,"column":null}},"4":{"start":{"line":16,"column":22},"end":{"line":21,"column":null}},"5":{"start":{"line":17,"column":4},"end":{"line":17,"column":null}},"6":{"start":{"line":18,"column":4},"end":{"line":20,"column":null}},"7":{"start":{"line":19,"column":6},"end":{"line":19,"column":null}},"8":{"start":{"line":23,"column":2},"end":{"line":30,"column":null}}},"fnMap":{"0":{"name":"(anonymous_0)","decl":{"start":{"line":11,"column":53},"end":{"line":11,"column":54}},"loc":{"start":{"line":11,"column":91},"end":{"line":32,"column":null}},"line":11},"1":{"name":"(anonymous_1)","decl":{"start":{"line":16,"column":22},"end":{"line":16,"column":23}},"loc":{"start":{"line":16,"column":47},"end":{"line":21,"column":null}},"line":16}},"branchMap":{"0":{"loc":{"start":{"line":11,"column":70},"end":{"line":11,"column":85}},"type":"default-arg","locations":[{"start":{"line":11,"column":82},"end":{"line":11,"column":85}}],"line":11},"1":{"loc":{"start":{"line":18,"column":4},"end":{"line":20,"column":null}},"type":"if","locations":[{"start":{"line":18,"column":4},"end":{"line":20,"column":null}},{"start":{},"end":{}}],"line":18},"2":{"loc":{"start":{"line":27,"column":33},"end":{"line":27,"column":57}},"type":"cond-expr","locations":[{"start":{"line":27,"column":44},"end":{"line":27,"column":55}},{"start":{"line":27,"column":55},"end":{"line":27,"column":57}}],"line":27}},"s":{"0":2,"1":82,"2":82,"3":82,"4":82,"5":4,"6":4,"7":3,"8":82},"f":{"0":82,"1":4},"b":{"0":[82],"1":[3,1],"2":[5,77]},"meta":{"lastBranch":3,"lastFunction":2,"lastStatement":9,"seen":{"s:11:53:32:Infinity":0,"f:11:53:11:54":0,"b:11:82:11:85":0,"s:12:8:12:Infinity":1,"s:13:8:13:Infinity":2,"s:14:19:14:Infinity":3,"s:16:22:21:Infinity":4,"f:16:22:16:23":1,"s:17:4:17:Infinity":5,"b:18:4:20:Infinity:undefined:undefined:undefined:undefined":1,"s:18:4:20:Infinity":6,"s:19:6:19:Infinity":7,"s:23:2:30:Infinity":8,"b:27:44:27:55:27:55:27:57":2}}}
,"/home/leul/Documents/github/portifolioXLeul/src/components/FloatingDock.tsx": {"path":"/home/leul/Documents/github/portifolioXLeul/src/components/FloatingDock.tsx","statementMap":{"0":{"start":{"line":6,"column":38},"end":{"line":21,"column":null}},"1":{"start":{"line":7,"column":2},"end":{"line":19,"column":null}}},"fnMap":{"0":{"name":"(anonymous_0)","decl":{"start":{"line":6,"column":38},"end":{"line":6,"column":44}},"loc":{"start":{"line":6,"column":44},"end":{"line":21,"column":null}},"line":6}},"branchMap":{},"s":{"0":2,"1":5},"f":{"0":5},"b":{},"meta":{"lastBranch":0,"lastFunction":1,"lastStatement":2,"seen":{"s:6:38:21:Infinity":0,"f:6:38:6:44":0,"s:7:2:19:Infinity":1}}}
,"/home/leul/Documents/github/portifolioXLeul/src/components/Layout.tsx": {"path":"/home/leul/Documents/github/portifolioXLeul/src/components/Layout.tsx","statementMap":{"0":{"start":{"line":6,"column":32},"end":{"line":20,"column":null}},"1":{"start":{"line":7,"column":8},"end":{"line":7,"column":null}},"2":{"start":{"line":12,"column":2},"end":{"line":18,"column":null}}},"fnMap":{"0":{"name":"(anonymous_0)","decl":{"start":{"line":6,"column":32},"end":{"line":6,"column":38}},"loc":{"start":{"line":6,"column":38},"end":{"line":20,"column":null}},"line":6}},"branchMap":{},"s":{"0":1,"1":3,"2":3},"f":{"0":3},"b":{},"meta":{"lastBranch":0,"lastFunction":1,"lastStatement":3,"seen":{"s:6:32:20:Infinity":0,"f:6:32:6:38":0,"s:7:8:7:Infinity":1,"s:12:2:18:Infinity":2}}}
,"/home/leul/Documents/github/portifolioXLeul/src/components/MicroUniverse.tsx": {"path":"/home/leul/Documents/github/portifolioXLeul/src/components/MicroUniverse.tsx","statementMap":{"0":{"start":{"line":4,"column":39},"end":{"line":35,"column":null}},"1":{"start":{"line":5,"column":26},"end":{"line":5,"column":null}},"2":{"start":{"line":6,"column":20},"end":{"line":6,"column":null}},"3":{"start":{"line":8,"column":23},"end":{"line":20,"column":null}},"4":{"start":{"line":9,"column":19},"end":{"line":9,"column":null}},"5":{"start":{"line":11,"column":4},"end":{"line":19,"column":null}},"6":{"start":{"line":12,"column":6},"end":{"line":16,"column":null}},"7":{"start":{"line":13,"column":8},"end":{"line":15,"column":null}},"8":{"start":{"line":14,"column":10},"end":{"line":14,"column":null}},"9":{"start":{"line":14,"column":28},"end":{"line":14,"column":69}},"10":{"start":{"line":18,"column":6},"end":{"line":18,"column":null}},"11":{"start":{"line":18,"column":24},"end":{"line":18,"column":65}},"12":{"start":{"line":22,"column":2},"end":{"line":33,"column":null}}},"fnMap":{"0":{"name":"(anonymous_0)","decl":{"start":{"line":4,"column":39},"end":{"line":4,"column":45}},"loc":{"start":{"line":4,"column":45},"end":{"line":35,"column":null}},"line":4},"1":{"name":"(anonymous_1)","decl":{"start":{"line":8,"column":23},"end":{"line":8,"column":29}},"loc":{"start":{"line":8,"column":29},"end":{"line":20,"column":null}},"line":8},"2":{"name":"(anonymous_2)","decl":{"start":{"line":12,"column":33},"end":{"line":12,"column":39}},"loc":{"start":{"line":12,"column":39},"end":{"line":16,"column":7}},"line":12},"3":{"name":"(anonymous_3)","decl":{"start":{"line":13,"column":18},"end":{"line":13,"column":24}},"loc":{"start":{"line":13,"column":24},"end":{"line":15,"column":9}},"line":13},"4":{"name":"(anonymous_4)","decl":{"start":{"line":14,"column":20},"end":{"line":14,"column":28}},"loc":{"start":{"line":14,"column":28},"end":{"line":14,"column":69}},"line":14},"5":{"name":"(anonymous_5)","decl":{"start":{"line":18,"column":16},"end":{"line":18,"column":24}},"loc":{"start":{"line":18,"column":24},"end":{"line":18,"column":65}},"line":18}},"branchMap":{"0":{"loc":{"start":{"line":11,"column":4},"end":{"line":19,"column":null}},"type":"if","locations":[{"start":{"line":11,"column":4},"end":{"line":19,"column":null}},{"start":{"line":17,"column":11},"end":{"line":19,"column":null}}],"line":11},"1":{"loc":{"start":{"line":14,"column":28},"end":{"line":14,"column":69}},"type":"cond-expr","locations":[{"start":{"line":14,"column":49},"end":{"line":14,"column":60}},{"start":{"line":14,"column":60},"end":{"line":14,"column":69}}],"line":14},"2":{"loc":{"start":{"line":18,"column":24},"end":{"line":18,"column":65}},"type":"cond-expr","locations":[{"start":{"line":18,"column":45},"end":{"line":18,"column":56}},{"start":{"line":18,"column":56},"end":{"line":18,"column":65}}],"line":18},"3":{"loc":{"start":{"line":31,"column":9},"end":{"line":31,"column":null}},"type":"cond-expr","locations":[{"start":{"line":31,"column":32},"end":{"line":31,"column":48}},{"start":{"line":31,"column":48},"end":{"line":31,"column":null}}],"line":31},"4":{"loc":{"start":{"line":31,"column":48},"end":{"line":31,"column":null}},"type":"cond-expr","locations":[{"start":{"line":31,"column":70},"end":{"line":31,"column":81}},{"start":{"line":31,"column":81},"end":{"line":31,"column":null}}],"line":31}},"s":{"0":2,"1":12,"2":12,"3":12,"4":6,"5":6,"6":3,"7":3,"8":3,"9":3,"10":3,"11":3,"12":12},"f":{"0":12,"1":6,"2":3,"3":3,"4":3,"5":3},"b":{"0":[3,3],"1":[1,2],"2":[1,2],"3":[4,8],"4":[2,6]},"meta":{"lastBranch":5,"lastFunction":6,"lastStatement":13,"seen":{"s:4:39:35:Infinity":0,"f:4:39:4:45":0,"s:5:26:5:Infinity":1,"s:6:20:6:Infinity":2,"s:8:23:20:Infinity":3,"f:8:23:8:29":1,"s:9:19:9:Infinity":4,"b:11:4:19:Infinity:17:11:19:Infinity":0,"s:11:4:19:Infinity":5,"s:12:6:16:Infinity":6,"f:12:33:12:39":2,"s:13:8:15:Infinity":7,"f:13:18:13:24":3,"s:14:10:14:Infinity":8,"f:14:20:14:28":4,"s:14:28:14:69":9,"b:14:49:14:60:14:60:14:69":1,"s:18:6:18:Infinity":10,"f:18:16:18:24":5,"s:18:24:18:65":11,"b:18:45:18:56:18:56:18:65":2,"s:22:2:33:Infinity":12,"b:31:32:31:48:31:48:31:Infinity":3,"b:31:70:31:81:31:81:31:Infinity":4}}}
,"/home/leul/Documents/github/portifolioXLeul/src/hooks/useScopedTransition.ts": {"path":"/home/leul/Documents/github/portifolioXLeul/src/hooks/useScopedTransition.ts","statementMap":{"0":{"start":{"line":5,"column":35},"end":{"line":27,"column":null}},"1":{"start":{"line":6,"column":8},"end":{"line":6,"column":null}},"2":{"start":{"line":8,"column":33},"end":{"line":24,"column":null}},"3":{"start":{"line":9,"column":18},"end":{"line":9,"column":null}},"4":{"start":{"line":12,"column":4},"end":{"line":15,"column":null}},"5":{"start":{"line":13,"column":6},"end":{"line":13,"column":null}},"6":{"start":{"line":14,"column":6},"end":{"line":14,"column":null}},"7":{"start":{"line":18,"column":4},"end":{"line":23,"column":null}},"8":{"start":{"line":20,"column":6},"end":{"line":22,"column":null}},"9":{"start":{"line":21,"column":8},"end":{"line":21,"column":null}},"10":{"start":{"line":26,"column":2},"end":{"line":26,"column":null}}},"fnMap":{"0":{"name":"(anonymous_0)","decl":{"start":{"line":5,"column":35},"end":{"line":5,"column":41}},"loc":{"start":{"line":5,"column":41},"end":{"line":27,"column":null}},"line":5},"1":{"name":"(anonymous_1)","decl":{"start":{"line":8,"column":33},"end":{"line":8,"column":40}},"loc":{"start":{"line":8,"column":94},"end":{"line":24,"column":null}},"line":8},"2":{"name":"(anonymous_2)","decl":{"start":{"line":18,"column":30},"end":{"line":18,"column":36}},"loc":{"start":{"line":18,"column":36},"end":{"line":23,"column":5}},"line":18},"3":{"name":"(anonymous_3)","decl":{"start":{"line":20,"column":16},"end":{"line":20,"column":22}},"loc":{"start":{"line":20,"column":22},"end":{"line":22,"column":7}},"line":20}},"branchMap":{"0":{"loc":{"start":{"line":8,"column":52},"end":{"line":8,"column":94}},"type":"default-arg","locations":[{"start":{"line":8,"column":76},"end":{"line":8,"column":94}}],"line":8},"1":{"loc":{"start":{"line":12,"column":4},"end":{"line":15,"column":null}},"type":"if","locations":[{"start":{"line":12,"column":4},"end":{"line":15,"column":null}},{"start":{},"end":{}}],"line":12},"2":{"loc":{"start":{"line":12,"column":8},"end":{"line":12,"column":53}},"type":"binary-expr","locations":[{"start":{"line":12,"column":8},"end":{"line":12,"column":18}},{"start":{"line":12,"column":18},"end":{"line":12,"column":53}}],"line":12}},"s":{"0":2,"1":82,"2":82,"3":5,"4":5,"5":4,"6":4,"7":1,"8":1,"9":1,"10":82},"f":{"0":82,"1":5,"2":1,"3":1},"b":{"0":[5],"1":[4,1],"2":[5,4]},"meta":{"lastBranch":3,"lastFunction":4,"lastStatement":11,"seen":{"s:5:35:27:Infinity":0,"f:5:35:5:41":0,"s:6:8:6:Infinity":1,"s:8:33:24:Infinity":2,"f:8:33:8:40":1,"b:8:76:8:94":0,"s:9:18:9:Infinity":3,"b:12:4:15:Infinity:undefined:undefined:undefined:undefined":1,"s:12:4:15:Infinity":4,"b:12:8:12:18:12:18:12:53":2,"s:13:6:13:Infinity":5,"s:14:6:14:Infinity":6,"s:18:4:23:Infinity":7,"f:18:30:18:36":2,"s:20:6:22:Infinity":8,"f:20:16:20:22":3,"s:21:8:21:Infinity":9,"s:26:2:26:Infinity":10}}}
,"/home/leul/Documents/github/portifolioXLeul/src/pages/About.tsx": {"path":"/home/leul/Documents/github/portifolioXLeul/src/pages/About.tsx","statementMap":{"0":{"start":{"line":3,"column":31},"end":{"line":14,"column":null}},"1":{"start":{"line":4,"column":2},"end":{"line":12,"column":null}}},"fnMap":{"0":{"name":"(anonymous_0)","decl":{"start":{"line":3,"column":31},"end":{"line":3,"column":37}},"loc":{"start":{"line":3,"column":37},"end":{"line":14,"column":null}},"line":3}},"branchMap":{},"s":{"0":1,"1":1},"f":{"0":1},"b":{},"meta":{"lastBranch":0,"lastFunction":1,"lastStatement":2,"seen":{"s:3:31:14:Infinity":0,"f:3:31:3:37":0,"s:4:2:12:Infinity":1}}}
,"/home/leul/Documents/github/portifolioXLeul/src/pages/Home.tsx": {"path":"/home/leul/Documents/github/portifolioXLeul/src/pages/Home.tsx","statementMap":{"0":{"start":{"line":6,"column":30},"end":{"line":35,"column":null}},"1":{"start":{"line":7,"column":2},"end":{"line":33,"column":null}},"2":{"start":{"line":15,"column":10},"end":{"line":30,"column":null}}},"fnMap":{"0":{"name":"(anonymous_0)","decl":{"start":{"line":6,"column":30},"end":{"line":6,"column":36}},"loc":{"start":{"line":6,"column":36},"end":{"line":35,"column":null}},"line":6},"1":{"name":"(anonymous_1)","decl":{"start":{"line":14,"column":26},"end":{"line":14,"column":27}},"loc":{"start":{"line":15,"column":10},"end":{"line":30,"column":null}},"line":15}},"branchMap":{},"s":{"0":1,"1":3,"2":69},"f":{"0":3,"1":69},"b":{},"meta":{"lastBranch":0,"lastFunction":2,"lastStatement":3,"seen":{"s:6:30:35:Infinity":0,"f:6:30:6:36":0,"s:7:2:33:Infinity":1,"f:14:26:14:27":1,"s:15:10:30:Infinity":2}}}
,"/home/leul/Documents/github/portifolioXLeul/src/pages/ProjectDetail.tsx": {"path":"/home/leul/Documents/github/portifolioXLeul/src/pages/ProjectDetail.tsx","statementMap":{"0":{"start":{"line":6,"column":39},"end":{"line":42,"column":null}},"1":{"start":{"line":7,"column":13},"end":{"line":7,"column":null}},"2":{"start":{"line":8,"column":18},"end":{"line":8,"column":null}},"3":{"start":{"line":8,"column":41},"end":{"line":8,"column":60}},"4":{"start":{"line":10,"column":2},"end":{"line":12,"column":null}},"5":{"start":{"line":11,"column":4},"end":{"line":11,"column":null}},"6":{"start":{"line":14,"column":2},"end":{"line":40,"column":null}}},"fnMap":{"0":{"name":"(anonymous_0)","decl":{"start":{"line":6,"column":39},"end":{"line":6,"column":45}},"loc":{"start":{"line":6,"column":45},"end":{"line":42,"column":null}},"line":6},"1":{"name":"(anonymous_1)","decl":{"start":{"line":8,"column":36},"end":{"line":8,"column":41}},"loc":{"start":{"line":8,"column":41},"end":{"line":8,"column":60}},"line":8}},"branchMap":{"0":{"loc":{"start":{"line":10,"column":2},"end":{"line":12,"column":null}},"type":"if","locations":[{"start":{"line":10,"column":2},"end":{"line":12,"column":null}},{"start":{},"end":{}}],"line":10},"1":{"loc":{"start":{"line":29,"column":11},"end":{"line":29,"column":null}},"type":"binary-expr","locations":[{"start":{"line":29,"column":11},"end":{"line":29,"column":32}},{"start":{"line":29,"column":32},"end":{"line":29,"column":null}}],"line":29},"2":{"loc":{"start":{"line":30,"column":11},"end":{"line":30,"column":null}},"type":"binary-expr","locations":[{"start":{"line":30,"column":11},"end":{"line":30,"column":30}},{"start":{"line":30,"column":30},"end":{"line":30,"column":null}}],"line":30},"3":{"loc":{"start":{"line":35,"column":11},"end":{"line":36,"column":null}},"type":"binary-expr","locations":[{"start":{"line":35,"column":11},"end":{"line":35,"column":null}},{"start":{"line":36,"column":12},"end":{"line":36,"column":null}}],"line":35}},"s":{"0":2,"1":3,"2":3,"3":3,"4":3,"5":1,"6":2},"f":{"0":3,"1":3},"b":{"0":[1,2],"1":[2,2],"2":[3,2],"3":[3,2]},"meta":{"lastBranch":4,"lastFunction":2,"lastStatement":7,"seen":{"s:6:39:42:Infinity":0,"f:6:39:6:45":0,"s:7:13:7:Infinity":1,"s:8:18:8:Infinity":2,"f:8:36:8:41":1,"s:8:41:8:60":3,"b:10:2:12:Infinity:undefined:undefined:undefined:undefined":0,"s:10:2:12:Infinity":4,"s:11:4:11:Infinity":5,"s:14:2:40:Infinity":6,"b:29:11:29:32:29:32:29:Infinity":1,"b:30:11:30:30:30:30:30:Infinity":2,"b:35:11:35:Infinity:36:12:36:Infinity":3}}}
}
