TN:
SF:src/App.tsx
FN:7,App
FN:16,(anonymous_1)
FN:20,(anonymous_2)
FN:21,(anonymous_3)
FN:24,(anonymous_4)
FN:31,(anonymous_5)
FN:32,(anonymous_6)
FN:69,(anonymous_7)
FNF:8
FNH:6
FNDA:10,App
FNDA:8,(anonymous_1)
FNDA:2,(anonymous_2)
FNDA:2,(anonymous_3)
FNDA:2,(anonymous_4)
FNDA:0,(anonymous_5)
FNDA:0,(anonymous_6)
FNDA:1,(anonymous_7)
DA:8,10
DA:11,10
DA:13,10
DA:16,10
DA:17,8
DA:20,10
DA:21,2
DA:24,10
DA:25,2
DA:28,2
DA:31,0
DA:32,0
DA:33,0
DA:38,0
DA:42,2
DA:46,2
DA:50,10
DA:69,1
LF:18
LH:14
BRDA:21,0,0,2
BRDA:21,0,1,0
BRDA:28,1,0,0
BRDA:28,1,1,2
BRDA:28,2,0,2
BRDA:28,2,1,0
BRDA:46,3,0,0
BRDA:46,3,1,2
BRF:8
BRH:4
end_of_record
TN:
SF:src/components/Dock.tsx
FN:12,(anonymous_0)
FN:24,(anonymous_1)
FN:31,(anonymous_2)
FN:32,(anonymous_3)
FN:33,(anonymous_4)
FNF:5
FNH:5
FNDA:9,(anonymous_0)
FNDA:27,(anonymous_1)
FNDA:1,(anonymous_2)
FNDA:1,(anonymous_3)
FNDA:1,(anonymous_4)
DA:12,1
DA:13,9
DA:15,9
DA:21,9
DA:25,27
DA:26,27
DA:28,27
DA:31,1
DA:32,1
DA:33,1
LF:10
LH:10
BRDA:25,0,0,27
BRDA:25,0,1,19
BRDA:25,0,2,3
BRDA:36,1,0,9
BRDA:36,1,1,18
BRDA:37,2,0,1
BRDA:37,2,1,26
BRDA:46,3,0,1
BRDA:46,3,1,26
BRDA:61,4,0,9
BRDA:61,4,1,0
BRF:11
BRH:10
end_of_record
TN:
SF:src/components/MainStage.tsx
FN:15,(anonymous_0)
FN:16,(anonymous_1)
FN:21,(anonymous_2)
FN:27,(anonymous_3)
FN:31,(anonymous_4)
FN:36,(anonymous_5)
FNF:6
FNH:5
FNDA:8,(anonymous_0)
FNDA:8,(anonymous_1)
FNDA:1,(anonymous_2)
FNDA:1,(anonymous_3)
FNDA:24,(anonymous_4)
FNDA:0,(anonymous_5)
DA:15,1
DA:16,8
DA:17,8
DA:19,2
DA:21,1
DA:25,2
DA:27,1
DA:31,24
DA:32,2
DA:33,1
DA:36,0
DA:41,1
DA:43,1
DA:47,8
LF:14
LH:13
BRDA:17,0,0,2
BRDA:17,0,1,2
BRDA:17,0,2,2
BRDA:17,0,3,1
BRDA:17,0,4,1
BRDA:32,1,0,1
BRDA:32,1,1,1
BRF:7
BRH:7
end_of_record
TN:
SF:src/components/views/About.tsx
FN:4,(anonymous_0)
FN:25,(anonymous_1)
FN:36,(anonymous_2)
FN:54,(anonymous_3)
FN:58,(anonymous_4)
FN:72,(anonymous_5)
FN:80,(anonymous_6)
FN:92,(anonymous_7)
FN:100,(anonymous_8)
FNF:9
FNH:9
FNDA:8,(anonymous_0)
FNDA:24,(anonymous_1)
FNDA:8,(anonymous_2)
FNDA:48,(anonymous_3)
FNDA:280,(anonymous_4)
FNDA:16,(anonymous_5)
FNDA:64,(anonymous_6)
FNDA:16,(anonymous_7)
FNDA:96,(anonymous_8)
DA:4,1
DA:5,8
DA:26,24
DA:37,8
DA:55,48
DA:59,280
DA:73,16
DA:81,64
DA:93,16
DA:101,96
LF:10
LH:10
BRF:0
BRH:0
end_of_record
TN:
SF:src/components/views/Home.tsx
FN:10,(anonymous_0)
FN:83,(anonymous_1)
FN:107,(anonymous_2)
FN:130,(anonymous_3)
FN:136,(anonymous_4)
FNF:5
FNH:5
FNDA:10,(anonymous_0)
FNDA:30,(anonymous_1)
FNDA:40,(anonymous_2)
FNDA:1,(anonymous_3)
FNDA:1,(anonymous_4)
DA:10,1
DA:11,10
DA:84,30
DA:108,40
DA:130,1
DA:136,1
LF:6
LH:6
BRF:0
BRH:0
end_of_record
TN:
SF:src/components/views/ProjectDetail.tsx
FN:11,(anonymous_0)
FNF:1
FNH:1
FNDA:11,(anonymous_0)
DA:11,1
DA:12,11
LF:2
LH:2
BRDA:67,0,0,11
BRDA:67,0,1,10
BRDA:78,1,0,11
BRDA:78,1,1,10
BRDA:97,2,0,11
BRDA:97,2,1,11
BRF:6
BRH:6
end_of_record
TN:
SF:src/components/views/Work.tsx
FN:12,(anonymous_0)
FN:14,(anonymous_1)
FN:20,(anonymous_2)
FN:22,(anonymous_3)
FN:27,(anonymous_4)
FN:33,(anonymous_5)
FN:54,(anonymous_6)
FN:63,(anonymous_7)
FN:66,(anonymous_8)
FN:84,(anonymous_9)
FN:89,(anonymous_10)
FN:108,(anonymous_11)
FN:142,(anonymous_12)
FN:142,(anonymous_13)
FN:150,(anonymous_14)
FN:150,(anonymous_15)
FN:153,(anonymous_16)
FN:166,(anonymous_17)
FN:166,(anonymous_18)
FNF:19
FNH:14
FNDA:23,(anonymous_0)
FNDA:11,(anonymous_1)
FNDA:9,(anonymous_2)
FNDA:23,(anonymous_3)
FNDA:9,(anonymous_4)
FNDA:1,(anonymous_5)
FNDA:2,(anonymous_6)
FNDA:12,(anonymous_7)
FNDA:1,(anonymous_8)
FNDA:66,(anonymous_9)
FNDA:1,(anonymous_10)
FNDA:119,(anonymous_11)
FNDA:0,(anonymous_12)
FNDA:0,(anonymous_13)
FNDA:42,(anonymous_14)
FNDA:42,(anonymous_15)
FNDA:0,(anonymous_16)
FNDA:0,(anonymous_17)
FNDA:0,(anonymous_18)
DA:9,1
DA:12,23
DA:14,1
DA:15,11
DA:16,11
DA:17,11
DA:20,11
DA:21,9
DA:22,23
DA:26,11
DA:27,11
DA:28,9
DA:29,9
DA:33,11
DA:34,1
DA:35,1
DA:36,1
DA:39,11
DA:54,2
DA:64,12
DA:66,1
DA:85,66
DA:89,1
DA:109,119
DA:142,0
DA:150,42
DA:151,42
DA:153,0
DA:166,0
LF:29
LH:26
BRDA:21,0,0,8
BRDA:21,0,1,1
BRDA:47,1,0,10
BRDA:47,1,1,1
BRDA:47,2,0,11
BRDA:47,2,1,0
BRDA:61,3,0,11
BRDA:61,3,1,2
BRDA:68,4,0,2
BRDA:68,4,1,10
BRDA:139,5,0,11
BRDA:139,5,1,11
BRDA:155,6,0,11
BRDA:155,6,1,31
BRF:14
BRH:13
end_of_record
TN:
SF:src/data/cv.ts
FNF:0
FNH:0
DA:1,3
LF:1
LH:1
BRF:0
BRH:0
end_of_record
TN:
SF:src/data/projects.ts
FNF:0
FNH:0
DA:13,4
LF:1
LH:1
BRF:0
BRH:0
end_of_record
